RUN	PruebaOrangeLogin	pruebaorangelogin	1679895056917	 	3.8.4
USER	PruebaOrangeLogin	START	1679895058488
USER	PruebaOrangeLogin	START	1679895058488
USER	PruebaOrangeLogin	START	1679895058488
USER	PruebaOrangeLogin	START	1679895058488
USER	PruebaOrangeLogin	START	1679895058488
USER	PruebaOrangeLogin	START	1679895058488
USER	PruebaOrangeLogin	START	1679895058488
USER	PruebaOrangeLogin	START	1679895058490
USER	PruebaOrangeLogin	START	1679895058491
USER	PruebaOrangeLogin	START	1679895058488
REQUEST		request_0	1679895058480	1679895059352	OK	 
REQUEST		request_0	1679895058480	1679895059376	OK	 
REQUEST		request_0	1679895058490	1679895059347	OK	 
REQUEST		request_0	1679895058481	1679895059373	OK	 
REQUEST		request_0	1679895058480	1679895059345	OK	 
REQUEST		request_0	1679895058480	1679895059371	OK	 
REQUEST		request_0	1679895058480	1679895059372	OK	 
REQUEST		request_0	1679895058480	1679895059408	OK	 
REQUEST		request_0	1679895058480	1679895059412	OK	 
REQUEST		request_0	1679895058490	1679895059422	OK	 
REQUEST		request_0 Redirect 1	1679895059376	1679895059711	OK	 
REQUEST		request_0 Redirect 1	1679895059378	1679895059752	OK	 
REQUEST		request_0 Redirect 1	1679895059413	1679895059765	OK	 
REQUEST		request_0 Redirect 1	1679895059379	1679895059773	OK	 
REQUEST		request_0 Redirect 1	1679895059408	1679895059807	OK	 
REQUEST		request_0 Redirect 1	1679895059381	1679895059823	OK	 
REQUEST		request_0 Redirect 1	1679895059382	1679895059833	OK	 
REQUEST		request_0 Redirect 1	1679895059379	1679895059836	OK	 
REQUEST		request_0 Redirect 1	1679895059423	1679895059892	OK	 
REQUEST		request_0 Redirect 1	1679895059378	1679895059917	OK	 
REQUEST		favicon.ico?1672659722816	1679895059875	1679895060047	OK	 
REQUEST		favicon.ico?1672659722816	1679895059875	1679895060052	OK	 
REQUEST		favicon.ico?1672659722816	1679895059880	1679895060054	OK	 
REQUEST		favicon.ico?1672659722816	1679895059875	1679895060068	OK	 
REQUEST		favicon.ico?1672659722816	1679895059907	1679895060068	OK	 
REQUEST		favicon.ico?1672659722816	1679895059906	1679895060072	OK	 
REQUEST		favicon.ico?1672659722816	1679895059897	1679895060075	OK	 
REQUEST		favicon.ico?1672659722816	1679895059916	1679895060085	OK	 
REQUEST		favicon.ico?1672659722816	1679895059907	1679895060091	OK	 
REQUEST		favicon.ico?1672659722816	1679895059934	1679895060108	OK	 
REQUEST		request_2	1679895060055	1679895060381	OK	 
REQUEST		request_2	1679895060055	1679895060385	OK	 
REQUEST		request_2	1679895060073	1679895060390	OK	 
REQUEST		request_2	1679895060069	1679895060392	OK	 
REQUEST		request_2	1679895060055	1679895060395	OK	 
REQUEST		request_2	1679895060085	1679895060421	OK	 
REQUEST		request_2	1679895060075	1679895060425	OK	 
REQUEST		request_2	1679895060069	1679895060426	OK	 
REQUEST		request_2	1679895060108	1679895060439	OK	 
REQUEST		request_2	1679895060092	1679895060453	OK	 
REQUEST		request_3	1679895060382	1679895060544	OK	 
REQUEST		request_3	1679895060386	1679895060550	OK	 
REQUEST		request_3	1679895060391	1679895060557	OK	 
REQUEST		request_3	1679895060394	1679895060559	OK	 
REQUEST		request_3	1679895060396	1679895060563	OK	 
REQUEST		request_3	1679895060421	1679895060584	OK	 
REQUEST		request_3	1679895060426	1679895060602	OK	 
REQUEST		request_3	1679895060439	1679895060647	OK	 
REQUEST		request_3	1679895060428	1679895060652	OK	 
REQUEST		request_3	1679895060453	1679895060654	OK	 
REQUEST		request_4	1679895060550	1679895060928	KO	status.find.in([200, 209], 304), found 401
REQUEST		request_4	1679895060557	1679895060940	KO	status.find.in([200, 209], 304), found 401
REQUEST		request_4	1679895060559	1679895060942	KO	status.find.in([200, 209], 304), found 401
REQUEST		request_4	1679895060563	1679895060947	KO	status.find.in([200, 209], 304), found 401
REQUEST		request_4	1679895060544	1679895060960	KO	status.find.in([200, 209], 304), found 401
REQUEST		request_4	1679895060585	1679895061084	KO	status.find.in([200, 209], 304), found 401
REQUEST		request_4	1679895060602	1679895061098	KO	status.find.in([200, 209], 304), found 401
REQUEST		request_4	1679895060649	1679895061104	KO	status.find.in([200, 209], 304), found 401
REQUEST		request_4	1679895060653	1679895061113	KO	status.find.in([200, 209], 304), found 401
REQUEST		request_4	1679895060655	1679895061156	KO	status.find.in([200, 209], 304), found 401
REQUEST		request_5	1679895060930	1679895061246	KO	status.find.in([200, 209], 304), found 401
REQUEST		request_5	1679895060942	1679895061257	KO	status.find.in([200, 209], 304), found 401
REQUEST		request_5	1679895060940	1679895061260	KO	status.find.in([200, 209], 304), found 401
REQUEST		request_5	1679895060948	1679895061264	KO	status.find.in([200, 209], 304), found 401
REQUEST		request_5	1679895060961	1679895061280	KO	status.find.in([200, 209], 304), found 401
REQUEST		request_1	1679895059910	1679895061323	OK	 
REQUEST		request_1	1679895059881	1679895061348	OK	 
REQUEST		request_5	1679895061084	1679895061417	KO	status.find.in([200, 209], 304), found 401
REQUEST		request_5	1679895061105	1679895061429	KO	status.find.in([200, 209], 304), found 401
REQUEST		request_5	1679895061098	1679895061436	KO	status.find.in([200, 209], 304), found 401
REQUEST		request_5	1679895061114	1679895061460	KO	status.find.in([200, 209], 304), found 401
REQUEST		request_1	1679895059938	1679895061488	OK	 
REQUEST		request_1	1679895059892	1679895061496	OK	 
REQUEST		request_1	1679895059889	1679895061498	OK	 
REQUEST		request_1	1679895059885	1679895061509	OK	 
REQUEST		request_5	1679895061156	1679895061518	KO	status.find.in([200, 209], 304), found 401
REQUEST		request_6	1679895061261	1679895061578	KO	status.find.in([200, 209], 304), found 401
REQUEST		request_6	1679895061258	1679895061578	KO	status.find.in([200, 209], 304), found 401
REQUEST		request_6	1679895061264	1679895061587	KO	status.find.in([200, 209], 304), found 401
REQUEST		request_6	1679895061247	1679895061592	KO	status.find.in([200, 209], 304), found 401
REQUEST		request_6	1679895061280	1679895061599	KO	status.find.in([200, 209], 304), found 401
REQUEST		request_1	1679895059930	1679895061666	OK	 
REQUEST		request_6	1679895061326	1679895061676	KO	status.find.in([200, 209], 304), found 401
REQUEST		request_7	1679895061349	1679895061688	OK	 
REQUEST		request_1	1679895059903	1679895061704	OK	 
REQUEST		request_1	1679895059911	1679895061744	OK	 
REQUEST		request_6	1679895061417	1679895061771	KO	status.find.in([200, 209], 304), found 401
REQUEST		request_6	1679895061430	1679895061774	KO	status.find.in([200, 209], 304), found 401
REQUEST		request_6	1679895061437	1679895061810	KO	status.find.in([200, 209], 304), found 401
REQUEST		request_1	1679895059922	1679895061811	OK	 
REQUEST		request_7	1679895061489	1679895061822	OK	 
REQUEST		request_7	1679895061497	1679895061835	OK	 
REQUEST		request_7	1679895061518	1679895061866	OK	 
REQUEST		request_6	1679895061460	1679895061866	KO	status.find.in([200, 209], 304), found 401
REQUEST		request_7	1679895061578	1679895061902	OK	 
REQUEST		request_7	1679895061579	1679895061927	OK	 
REQUEST		request_7	1679895061510	1679895061935	OK	 
REQUEST		request_7	1679895061499	1679895061951	OK	 
REQUEST		request_8	1679895061592	1679895061991	KO	status.find.in([200, 209], 304), found 401
REQUEST		request_8	1679895061587	1679895061997	KO	status.find.in([200, 209], 304), found 401
REQUEST		request_8	1679895061600	1679895062014	KO	status.find.in([200, 209], 304), found 401
REQUEST		request_7	1679895061667	1679895062074	OK	 
REQUEST		request_8	1679895061677	1679895062079	KO	status.find.in([200, 209], 304), found 401
REQUEST		request_7	1679895061705	1679895062103	OK	 
REQUEST		request_8	1679895061744	1679895062110	KO	status.find.in([200, 209], 304), found 401
REQUEST		request_7 Redirect 1	1679895061688	1679895062158	OK	 
REQUEST		request_8	1679895061771	1679895062170	KO	status.find.in([200, 209], 304), found 401
REQUEST		request_8	1679895061812	1679895062190	KO	status.find.in([200, 209], 304), found 401
REQUEST		request_8	1679895061810	1679895062231	KO	status.find.in([200, 209], 304), found 401
REQUEST		request_7 Redirect 1	1679895061823	1679895062237	OK	 
REQUEST		request_8	1679895061774	1679895062290	KO	status.find.in([200, 209], 304), found 401
REQUEST		request_8	1679895061867	1679895062292	KO	status.find.in([200, 209], 304), found 401
REQUEST		request_7 Redirect 1	1679895061867	1679895062303	OK	 
REQUEST		request_7 Redirect 1	1679895061902	1679895062319	OK	 
REQUEST		request_7 Redirect 1	1679895061836	1679895062334	OK	 
REQUEST		request_7 Redirect 1	1679895061927	1679895062335	OK	 
REQUEST		request_7 Redirect 1	1679895061936	1679895062374	OK	 
REQUEST		request_7 Redirect 1	1679895061951	1679895062381	OK	 
REQUEST		request_7 Redirect 1	1679895062075	1679895062432	OK	 
REQUEST		request_7 Redirect 1	1679895062104	1679895062494	OK	 
REQUEST		chunk-vendors.css?1672659722816	1679895059881	1679895062892	OK	 
REQUEST		chunk-vendors.css?1672659722816	1679895059908	1679895062934	OK	 
REQUEST		chunk-vendors.css?1672659722816	1679895059876	1679895062953	OK	 
REQUEST		chunk-vendors.css?1672659722816	1679895059908	1679895063024	OK	 
REQUEST		chunk-vendors.css?1672659722816	1679895059912	1679895063032	OK	 
REQUEST		chunk-vendors.css?1672659722816	1679895059882	1679895063034	OK	 
REQUEST		chunk-vendors.css?1672659722816	1679895059898	1679895063132	OK	 
REQUEST		app.css?1672659722816	1679895059877	1679895063212	OK	 
REQUEST		app.css?1672659722816	1679895059909	1679895063283	OK	 
REQUEST		app.css?1672659722816	1679895059909	1679895063293	OK	 
REQUEST		chunk-vendors.css?1672659722816	1679895059885	1679895063396	OK	 
REQUEST		chunk-vendors.css?1672659722816	1679895059916	1679895063404	OK	 
REQUEST		app.css?1672659722816	1679895059883	1679895063406	OK	 
REQUEST		chunk-vendors.css?1672659722816	1679895059934	1679895063407	OK	 
REQUEST		app.css?1672659722816	1679895059916	1679895063409	OK	 
REQUEST		app.css?1672659722816	1679895059883	1679895063425	OK	 
REQUEST		app.css?1672659722816	1679895059886	1679895063447	OK	 
REQUEST		app.css?1672659722816	1679895059899	1679895063458	OK	 
REQUEST		app.css?1672659722816	1679895059917	1679895063682	OK	 
REQUEST		app.css?1672659722816	1679895059935	1679895063682	OK	 
REQUEST		app.js?1672659722816	1679895059880	1679895065454	OK	 
REQUEST		app.js?1672659722816	1679895059887	1679895065476	OK	 
REQUEST		app.js?1672659722816	1679895059928	1679895065491	OK	 
REQUEST		chunk-vendors.js?1672659722816	1679895059879	1679895065523	OK	 
USER	PruebaOrangeLogin	END	1679895065528
REQUEST		app.js?1672659722816	1679895059917	1679895065564	OK	 
REQUEST		chunk-vendors.js?1672659722816	1679895059909	1679895065575	OK	 
REQUEST		chunk-vendors.js?1672659722816	1679895059887	1679895065591	OK	 
USER	PruebaOrangeLogin	END	1679895065594
REQUEST		app.js?1672659722816	1679895059937	1679895065609	OK	 
REQUEST		chunk-vendors.js?1672659722816	1679895059916	1679895065682	OK	 
USER	PruebaOrangeLogin	END	1679895065683
REQUEST		app.js?1672659722816	1679895059891	1679895065687	OK	 
REQUEST		app.js?1672659722816	1679895059885	1679895065830	OK	 
REQUEST		chunk-vendors.js?1672659722816	1679895059884	1679895065865	OK	 
USER	PruebaOrangeLogin	END	1679895065867
REQUEST		chunk-vendors.js?1672659722816	1679895059889	1679895065900	OK	 
USER	PruebaOrangeLogin	END	1679895065903
REQUEST		app.js?1672659722816	1679895059910	1679895065990	OK	 
USER	PruebaOrangeLogin	END	1679895065992
REQUEST		app.js?1672659722816	1679895059903	1679895066021	OK	 
REQUEST		app.js?1672659722816	1679895059910	1679895066082	OK	 
REQUEST		chunk-vendors.js?1672659722816	1679895059936	1679895066108	OK	 
USER	PruebaOrangeLogin	END	1679895066110
REQUEST		chunk-vendors.js?1672659722816	1679895059927	1679895066157	OK	 
REQUEST		chunk-vendors.js?1672659722816	1679895059900	1679895066159	OK	 
USER	PruebaOrangeLogin	END	1679895066162
USER	PruebaOrangeLogin	END	1679895066163
REQUEST		chunk-vendors.js?1672659722816	1679895059909	1679895066261	OK	 
USER	PruebaOrangeLogin	END	1679895066264
